2025-07-06 07:44:39,883 - semgrep.run_scan - DEBUG - semgrep version 1.4.0
2025-07-06 07:44:39,891 - semgrep.git - DEBUG - Failed to get project url from 'git ls-remote': Command failed with exit code: 128
-----
Command failed with output:
fatal: No remote configured to list refs from.


Failed to run 'git ls-remote --get-url'. Possible reasons:

- the git binary is not available
- the current working directory is not a git repository
- the baseline commit is not a parent of the current commit
    (if you are running through semgrep-app, check if you are setting `SEMGREP_BRANCH` or `SEMGREP_BASELINE_COMMIT` properly)
- the current working directory is not marked as safe
    (fix with `git config --global --add safe.directory $(pwd)`)

Try running the command yourself to debug the issue.
2025-07-06 07:44:39,892 - semgrep.config_resolver - DEBUG - Loading local config from /home/runner/workspace/.config/.semgrep/semgrep_rules.json
2025-07-06 07:44:40,095 - semgrep.config_resolver - DEBUG - Done loading local config from /home/runner/workspace/.config/.semgrep/semgrep_rules.json
2025-07-06 07:44:40,098 - semgrep.config_resolver - DEBUG - Saving rules to /tmp/semgrep-fo4gy7vg.rules
2025-07-06 07:44:40,712 - semgrep.rule_lang - DEBUG - semgrep-core validation response: valid=True
2025-07-06 07:44:40,712 - semgrep.rule_lang - DEBUG - semgrep-core validation succeeded
2025-07-06 07:44:40,712 - semgrep.rule_lang - DEBUG - RPC validation succeeded
2025-07-06 07:44:40,712 - semgrep.config_resolver - DEBUG - loaded 1 configs in 0.820528507232666
2025-07-06 07:44:40,812 - semgrep.run_scan - VERBOSE - running 715 rules from 1 config /home/runner/workspace/.config/.semgrep/semgrep_rules.json_0
2025-07-06 07:44:40,812 - semgrep.run_scan - VERBOSE - No .semgrepignore found. Using default .semgrepignore rules. See the docs for the list of default ignores: https://semgrep.dev/docs/cli-usage/#ignore-files
2025-07-06 07:44:40,815 - semgrep.run_scan - VERBOSE - Rules:
2025-07-06 07:44:40,815 - semgrep.run_scan - VERBOSE - <SKIPPED DATA (too many entries; use --max-log-list-entries)>
2025-07-06 07:44:41,536 - semgrep.core_runner - DEBUG - Passing whole rules directly to semgrep_core
2025-07-06 07:44:41,811 - semgrep.core_runner - DEBUG - Running Semgrep engine with command:
2025-07-06 07:44:41,811 - semgrep.core_runner - DEBUG - /tmp/_MEI8TfJk0/semgrep/bin/opengrep-core -json -rules /tmp/tmpjbuk0ttq.json -j 8 -targets /tmp/tmp5ukemgcr -timeout 5 -timeout_threshold 3 -max_memory 0 -fast
2025-07-06 07:44:50,459 - semgrep.core_runner - DEBUG - --- semgrep-core stderr ---
[00.07][[34mINFO[0m]: Executed as: /tmp/_MEI8TfJk0/semgrep/bin/opengrep-core -json -rules /tmp/tmpjbuk0ttq.json -j 8 -targets /tmp/tmp5ukemgcr -timeout 5 -timeout_threshold 3 -max_memory 0 -fast
[00.07][[34mINFO[0m]: Version: 1.4.0
[00.07][[34mINFO[0m]: Parsing rules in /tmp/tmpjbuk0ttq.json
[00.54][[34mINFO[0m]: scan: processing 476 files (skipping 0), with 457 rules (skipping 0 )
[04.46][[33mWARNING[0m]: Fixpoint timeout while performing taint analysis [rule: config..semgrep.vendored-rules.javascript.express.security.injection.raw-html-format file: client/src/pages/data-verification.tsx func: DataVerification:43056]
[0m[04.82][[33mWARNING[0m]: Fixpoint timeout while performing taint analysis [rule: config..semgrep.vendored-rules.javascript.lang.security.audit.unsafe-formatstring file: client/src/components/gamification/skill-progression.tsx func: SkillProgression:54161]
[0m[04.83][[33mWARNING[0m]: Fixpoint timeout while performing taint analysis [rule: config..semgrep.vendored-rules.javascript.lang.security.audit.unsafe-formatstring file: client/src/components/gamification/skill-progression.tsx func: SkillProgression:54161]
[0m[04.91][[33mWARNING[0m]: Fixpoint timeout while performing taint analysis [rule: config..semgrep.vendored-rules.javascript.lang.security.audit.detect-non-literal-require file: client/src/components/gamification/skill-progression.tsx func: SkillProgression:54161]
[0m[04.92][[33mWARNING[0m]: Fixpoint timeout while performing taint analysis [rule: config..semgrep.vendored-rules.javascript.lang.security.audit.detect-non-literal-require file: client/src/components/gamification/skill-progression.tsx func: SkillProgression:54161]
[0m[05.38][[33mWARNING[0m]: Fixpoint timeout while performing taint analysis [rule: config..semgrep.vendored-rules.javascript.express.security.injection.tainted-sql-string file: client/src/pages/training-planner.tsx func: TrainingPlanner:60162]
[0m[05.44][[33mWARNING[0m]: Fixpoint timeout while performing taint analysis [rule: config..semgrep.vendored-rules.javascript.lang.security.audit.unsafe-formatstring file: server/ai-engine.ts func: processNaturalLanguageQuery:62710]
[0m[05.55][[33mWARNING[0m]: Fixpoint timeout while performing taint analysis [rule: config..semgrep.vendored-rules.javascript.lang.security.audit.detect-non-literal-require file: server/ai-engine.ts func: processNaturalLanguageQuery:62710]
[0m[05.66][[33mWARNING[0m]: Fixpoint timeout while performing taint analysis [rule: config..semgrep.vendored-rules.javascript.lang.security.audit.unsafe-formatstring file: server/storage.ts func: initializeSampleData:66708]
[0m[06.16][[33mWARNING[0m]: Fixpoint timeout while performing taint analysis [rule: config..semgrep.vendored-rules.javascript.lang.security.audit.sqli.node-postgres-sqli file: server/routes.ts func: registerRoutes:74367]
[0m[06.49][[33mWARNING[0m]: Fixpoint timeout while performing taint analysis [rule: config..semgrep.vendored-rules.javascript.lang.security.audit.detect-non-literal-require file: server/routes.ts func: registerRoutes:74367]
[0m[06.71][[33mWARNING[0m]: Fixpoint timeout while performing taint analysis [rule: config..semgrep.vendored-rules.javascript.express.security.injection.tainted-sql-string file: server/routes.ts func: registerRoutes:74367]
[0m[06.90][[33mWARNING[0m]: Fixpoint timeout while performing taint analysis [rule: config..semgrep.vendored-rules.typescript.react.security.audit.react-href-var file: server/taekwondo-scraper.ts func: fetchFromTaekwondoData:87995]
[0m[07.01][[33mWARNING[0m]: Fixpoint timeout while performing taint analysis [rule: config..semgrep.vendored-rules.javascript.lang.security.audit.sqli.node-postgres-sqli file: server/taekwondo-scraper.ts func: fetchFromTaekwondoData:87995]
[0m[07.09][[33mWARNING[0m]: Fixpoint timeout while performing taint analysis [rule: config..semgrep.vendored-rules.javascript.lang.security.audit.sqli.node-postgres-sqli file: server/taekwondo-scraper.ts func: parseAthleteHTML:88053]
[0m[07.17][[33mWARNING[0m]: Fixpoint timeout while performing taint analysis [rule: config..semgrep.vendored-rules.javascript.lang.security.audit.unsafe-formatstring file: server/taekwondo-scraper.ts func: fetchFromTaekwondoData:87995]
[0m[07.18][[33mWARNING[0m]: Fixpoint timeout while performing taint analysis [rule: config..semgrep.vendored-rules.javascript.express.security.injection.raw-html-format file: server/routes.ts func: registerRoutes:74367]
[0m[07.28][[33mWARNING[0m]: Fixpoint timeout while performing taint analysis [rule: config..semgrep.vendored-rules.javascript.lang.security.audit.unsafe-formatstring file: server/taekwondo-scraper.ts func: parseAthleteHTML:88053]
[0m[07.43][[33mWARNING[0m]: Fixpoint timeout while performing taint analysis [rule: config..semgrep.vendored-rules.javascript.lang.security.audit.detect-non-literal-require file: server/taekwondo-scraper.ts func: parseAthleteHTML:88053]
[0m[07.47][[33mWARNING[0m]: Fixpoint timeout while performing taint analysis [rule: config..semgrep.vendored-rules.javascript.express.security.audit.xss.direct-response-write file: server/routes.ts func: registerRoutes:74367]
[0m[07.89][[33mWARNING[0m]: Fixpoint timeout while performing taint analysis [rule: config..semgrep.vendored-rules.javascript.express.security.express-wkhtmltoimage-injection file: server/routes.ts func: registerRoutes:74367]
[0m[08.05][[33mWARNING[0m]: Fixpoint timeout while performing taint analysis [rule: config..semgrep.vendored-rules.javascript.express.security.x-frame-options-misconfiguration file: server/routes.ts func: registerRoutes:74367]
[0m[08.18][[33mWARNING[0m]: Fixpoint timeout while performing taint analysis [rule: config..semgrep.vendored-rules.javascript.express.security.require-request file: server/routes.ts func: registerRoutes:74367]
[0m[08.31][[33mWARNING[0m]: Fixpoint timeout while performing taint analysis [rule: config..semgrep.vendored-rules.javascript.express.security.cors-misconfiguration file: server/routes.ts func: registerRoutes:74367]
[0m--- end semgrep-core stderr ---
2025-07-06 07:44:50,526 - semgrep.rule_match - DEBUG - match_key = ('', PosixPath('client/index.html'), 'config..semgrep.vendored-rules.html.security.audit.missing-integrity') match_id = 0ee74fd49637bebe183eca7188dbde26e386314e62cc2e7ba1ee60b377b638243fcd84e6c6fa04886198ccacfa6a711bfbcc61a28f9ddc913d5b3c53083cbc90_0
2025-07-06 07:44:50,527 - semgrep.rule_match - DEBUG - match_key = (' type="text/javascript" src="https://replit.com/public/js/replit-dev-banner.js" (?is).*integrity= (google-analytics\\.com|fonts\\.googleapis\\.com|fonts\\.gstatic\\.com|googletagmanager\\.com) .*rel\\s*=\\s*[\'"]?preconnect.* href="... :// ..." href="//..." href=\'... :// ...\' href=\'//...\' src="... :// ..." src="//..." src=\'... :// ...\' src=\'//...\' <link  type="text/javascript" src="https://replit.com/public/js/replit-dev-banner.js" > <script  type="text/javascript" src="https://replit.com/public/js/replit-dev-banner.js" >...</script>', PosixPath('client/index.html'), 'config..semgrep.vendored-rules.html.security.audit.missing-integrity') match_id = 0728b64e224596592d04447ba8a642ff94e1fb9fcc07be26d49dc7e7f6898e638ad16ffcaca086932c58f4c6400fe32603323afef02cf9bfebcb0e4a53562a40_0
2025-07-06 07:44:50,528 - semgrep.rule_match - DEBUG - match_key = (' type="text/javascript" src="https://replit.com/public/js/replit-dev-banner.js" (?is).*integrity= (google-analytics\\.com|fonts\\.googleapis\\.com|fonts\\.gstatic\\.com|googletagmanager\\.com) .*rel\\s*=\\s*[\'"]?preconnect.* href="... :// ..." href="//..." href=\'... :// ...\' href=\'//...\' src="... :// ..." src="//..." src=\'... :// ...\' src=\'//...\' <link  type="text/javascript" src="https://replit.com/public/js/replit-dev-banner.js" > <script  type="text/javascript" src="https://replit.com/public/js/replit-dev-banner.js" >...</script>', PosixPath('client/index.html'), 'config..semgrep.vendored-rules.html.security.audit.missing-integrity') match_id = 0728b64e224596592d04447ba8a642ff94e1fb9fcc07be26d49dc7e7f6898e638ad16ffcaca086932c58f4c6400fe32603323afef02cf9bfebcb0e4a53562a40_0
2025-07-06 07:44:50,529 - semgrep.rule_match - DEBUG - match_key = (' type="text/javascript" src="https://replit.com/public/js/replit-dev-banner.js" (?is).*integrity= (google-analytics\\.com|fonts\\.googleapis\\.com|fonts\\.gstatic\\.com|googletagmanager\\.com) .*rel\\s*=\\s*[\'"]?preconnect.* href="... :// ..." href="//..." href=\'... :// ...\' href=\'//...\' src="... :// ..." src="//..." src=\'... :// ...\' src=\'//...\' <link  type="text/javascript" src="https://replit.com/public/js/replit-dev-banner.js" > <script  type="text/javascript" src="https://replit.com/public/js/replit-dev-banner.js" >...</script>', PosixPath('client/index.html'), 'config..semgrep.vendored-rules.html.security.audit.missing-integrity') match_id = 0728b64e224596592d04447ba8a642ff94e1fb9fcc07be26d49dc7e7f6898e638ad16ffcaca086932c58f4c6400fe32603323afef02cf9bfebcb0e4a53562a40_0
2025-07-06 07:44:50,530 - semgrep.rule_match - DEBUG - match_key = ('', PosixPath('server/authentic-data-populator.ts'), 'config..semgrep.vendored-rules.javascript.lang.security.audit.unsafe-formatstring') match_id = 27688a732aa035886ceae6eb0f5275a006cc249850451cc772fa1b4b171d510758cd1cdd29ec6d30ca96b7386a9910fd386f8f5e49402de54803fd8a8301038a_0
2025-07-06 07:44:50,531 - semgrep.rule_match - DEBUG - match_key = ('"..." + "..."\n $X + $Y $X.concat($Y) `...${...}...`\n $X.concat("...")\n ``Error generating profile for name:` $UTIL = require(\'util\')\n...\n $UTIL.format(``Error generating profile for name:`,error,...)\n console.error(``Error generating profile for name:`,error,...)\n', PosixPath('server/authentic-data-populator.ts'), 'config..semgrep.vendored-rules.javascript.lang.security.audit.unsafe-formatstring') match_id = 6e70c184283a3a46b498640df05b9cdc3ee618a1decc645a8a4c2937d61f42ba8ce4ff3a1a3b1c297c6134e8e555c2fd4494f11bc93d132d070b190b0336356c_0
2025-07-06 07:44:50,532 - semgrep.rule_match - DEBUG - match_key = ('"..." + "..."\n $X + $Y $X.concat($Y) `...${...}...`\n $X.concat("...")\n ``Error generating profile for name:` $UTIL = require(\'util\')\n...\n $UTIL.format(``Error generating profile for name:`,error,...)\n console.error(``Error generating profile for name:`,error,...)\n', PosixPath('server/authentic-data-populator.ts'), 'config..semgrep.vendored-rules.javascript.lang.security.audit.unsafe-formatstring') match_id = 6e70c184283a3a46b498640df05b9cdc3ee618a1decc645a8a4c2937d61f42ba8ce4ff3a1a3b1c297c6134e8e555c2fd4494f11bc93d132d070b190b0336356c_0
2025-07-06 07:44:50,533 - semgrep.rule_match - DEBUG - match_key = ('"..." + "..."\n $X + $Y $X.concat($Y) `...${...}...`\n $X.concat("...")\n ``Error generating profile for name:` $UTIL = require(\'util\')\n...\n $UTIL.format(``Error generating profile for name:`,error,...)\n console.error(``Error generating profile for name:`,error,...)\n', PosixPath('server/authentic-data-populator.ts'), 'config..semgrep.vendored-rules.javascript.lang.security.audit.unsafe-formatstring') match_id = 6e70c184283a3a46b498640df05b9cdc3ee618a1decc645a8a4c2937d61f42ba8ce4ff3a1a3b1c297c6134e8e555c2fd4494f11bc93d132d070b190b0336356c_0
2025-07-06 07:44:50,534 - semgrep.rule_match - DEBUG - match_key = ('', PosixPath('server/authentic-data-populator.ts'), 'config..semgrep.vendored-rules.javascript.lang.security.audit.unsafe-formatstring') match_id = 27688a732aa035886ceae6eb0f5275a006cc249850451cc772fa1b4b171d510758cd1cdd29ec6d30ca96b7386a9910fd386f8f5e49402de54803fd8a8301038a_0
2025-07-06 07:44:50,537 - semgrep.rule_match - DEBUG - match_key = ('"..." + "..."\n $X + $Y $X.concat($Y) `...${...}...`\n $X.concat("...")\n ``Error saving data for athlete profile.athleteId:` $UTIL = require(\'util\')\n...\n $UTIL.format(``Error saving data for athlete profile.athleteId:`,error,...)\n console.error(``Error saving data for athlete profile.athleteId:`,error,...)\n', PosixPath('server/authentic-data-populator.ts'), 'config..semgrep.vendored-rules.javascript.lang.security.audit.unsafe-formatstring') match_id = 089c7e0f5f3a19fe40984be65a8d74a992148fb0252de2bb8a4475934e67486eae149cf6bff92a3a976c9bfa4fbf6d7a4fd8a3b880ce24cf19f8849e7800a338_0
2025-07-06 07:44:50,538 - semgrep.rule_match - DEBUG - match_key = ('"..." + "..."\n $X + $Y $X.concat($Y) `...${...}...`\n $X.concat("...")\n ``Error saving data for athlete profile.athleteId:` $UTIL = require(\'util\')\n...\n $UTIL.format(``Error saving data for athlete profile.athleteId:`,error,...)\n console.error(``Error saving data for athlete profile.athleteId:`,error,...)\n', PosixPath('server/authentic-data-populator.ts'), 'config..semgrep.vendored-rules.javascript.lang.security.audit.unsafe-formatstring') match_id = 089c7e0f5f3a19fe40984be65a8d74a992148fb0252de2bb8a4475934e67486eae149cf6bff92a3a976c9bfa4fbf6d7a4fd8a3b880ce24cf19f8849e7800a338_0
2025-07-06 07:44:50,538 - semgrep.rule_match - DEBUG - match_key = ('"..." + "..."\n $X + $Y $X.concat($Y) `...${...}...`\n $X.concat("...")\n ``Error saving data for athlete profile.athleteId:` $UTIL = require(\'util\')\n...\n $UTIL.format(``Error saving data for athlete profile.athleteId:`,error,...)\n console.error(``Error saving data for athlete profile.athleteId:`,error,...)\n', PosixPath('server/authentic-data-populator.ts'), 'config..semgrep.vendored-rules.javascript.lang.security.audit.unsafe-formatstring') match_id = 089c7e0f5f3a19fe40984be65a8d74a992148fb0252de2bb8a4475934e67486eae149cf6bff92a3a976c9bfa4fbf6d7a4fd8a3b880ce24cf19f8849e7800a338_0
2025-07-06 07:44:50,539 - semgrep.rule_match - DEBUG - match_key = ('', PosixPath('server/authentic-data-populator.ts'), 'config..semgrep.vendored-rules.javascript.lang.security.audit.unsafe-formatstring') match_id = 27688a732aa035886ceae6eb0f5275a006cc249850451cc772fa1b4b171d510758cd1cdd29ec6d30ca96b7386a9910fd386f8f5e49402de54803fd8a8301038a_0
2025-07-06 07:44:50,540 - semgrep.rule_match - DEBUG - match_key = ('"..." + "..."\n $X + $Y $X.concat($Y) `...${...}...`\n $X.concat("...")\n ``Error populating data for athlete athleteId:` $UTIL = require(\'util\')\n...\n $UTIL.format(``Error populating data for athlete athleteId:`,error,...)\n console.error(``Error populating data for athlete athleteId:`,error,...)\n', PosixPath('server/authentic-data-populator.ts'), 'config..semgrep.vendored-rules.javascript.lang.security.audit.unsafe-formatstring') match_id = cad38fa401a5be5ee3544bda4daa7b1dc4a83881b4d946aaf251168a2387911565fef05faaf15c7aac4d0efa68004976bcb90c7973fcf6370dfcdc47bb310696_0
2025-07-06 07:44:50,541 - semgrep.rule_match - DEBUG - match_key = ('"..." + "..."\n $X + $Y $X.concat($Y) `...${...}...`\n $X.concat("...")\n ``Error populating data for athlete athleteId:` $UTIL = require(\'util\')\n...\n $UTIL.format(``Error populating data for athlete athleteId:`,error,...)\n console.error(``Error populating data for athlete athleteId:`,error,...)\n', PosixPath('server/authentic-data-populator.ts'), 'config..semgrep.vendored-rules.javascript.lang.security.audit.unsafe-formatstring') match_id = cad38fa401a5be5ee3544bda4daa7b1dc4a83881b4d946aaf251168a2387911565fef05faaf15c7aac4d0efa68004976bcb90c7973fcf6370dfcdc47bb310696_0
2025-07-06 07:44:50,542 - semgrep.rule_match - DEBUG - match_key = ('"..." + "..."\n $X + $Y $X.concat($Y) `...${...}...`\n $X.concat("...")\n ``Error populating data for athlete athleteId:` $UTIL = require(\'util\')\n...\n $UTIL.format(``Error populating data for athlete athleteId:`,error,...)\n console.error(``Error populating data for athlete athleteId:`,error,...)\n', PosixPath('server/authentic-data-populator.ts'), 'config..semgrep.vendored-rules.javascript.lang.security.audit.unsafe-formatstring') match_id = cad38fa401a5be5ee3544bda4daa7b1dc4a83881b4d946aaf251168a2387911565fef05faaf15c7aac4d0efa68004976bcb90c7973fcf6370dfcdc47bb310696_0
2025-07-06 07:44:50,543 - semgrep.rule_match - DEBUG - match_key = ('', PosixPath('server/bucket-storage.ts'), 'config..semgrep.vendored-rules.javascript.lang.security.audit.unsafe-formatstring') match_id = 921d8bbb18ee7f6b302cc5f9e425ebf7de65792745a9c01a707e40230b45b2bdc782baf97c4d9e79e40fcef7780ab7c3ca3ebdfc4fd669407ac02e4f6e0d325b_0
2025-07-06 07:44:50,543 - semgrep.rule_match - DEBUG - match_key = ('"..." + "..."\n $X + $Y $X.concat($Y) `...${...}...`\n $X.concat("...")\n ``Failed to delete obj.key:` $UTIL = require(\'util\')\n...\n $UTIL.format(``Failed to delete obj.key:`,deleteResult.error,...)\n console.warn(``Failed to delete obj.key:`,deleteResult.error,...)\n', PosixPath('server/bucket-storage.ts'), 'config..semgrep.vendored-rules.javascript.lang.security.audit.unsafe-formatstring') match_id = e2d2545a3f6f19f8bf9820a34b22122ee9a77f8308c14cb4e16645019072df7c82eb667547d6509b3af3db7e8d0e76114928a6bddf88df53ab33216c488c0812_0
2025-07-06 07:44:50,544 - semgrep.rule_match - DEBUG - match_key = ('"..." + "..."\n $X + $Y $X.concat($Y) `...${...}...`\n $X.concat("...")\n ``Failed to delete obj.key:` $UTIL = require(\'util\')\n...\n $UTIL.format(``Failed to delete obj.key:`,deleteResult.error,...)\n console.warn(``Failed to delete obj.key:`,deleteResult.error,...)\n', PosixPath('server/bucket-storage.ts'), 'config..semgrep.vendored-rules.javascript.lang.security.audit.unsafe-formatstring') match_id = e2d2545a3f6f19f8bf9820a34b22122ee9a77f8308c14cb4e16645019072df7c82eb667547d6509b3af3db7e8d0e76114928a6bddf88df53ab33216c488c0812_0
2025-07-06 07:44:50,544 - semgrep.rule_match - DEBUG - match_key = ('"..." + "..."\n $X + $Y $X.concat($Y) `...${...}...`\n $X.concat("...")\n ``Failed to delete obj.key:` $UTIL = require(\'util\')\n...\n $UTIL.format(``Failed to delete obj.key:`,deleteResult.error,...)\n console.warn(``Failed to delete obj.key:`,deleteResult.error,...)\n', PosixPath('server/bucket-storage.ts'), 'config..semgrep.vendored-rules.javascript.lang.security.audit.unsafe-formatstring') match_id = e2d2545a3f6f19f8bf9820a34b22122ee9a77f8308c14cb4e16645019072df7c82eb667547d6509b3af3db7e8d0e76114928a6bddf88df53ab33216c488c0812_0
2025-07-06 07:44:50,545 - semgrep.rule_match - DEBUG - match_key = ('', PosixPath('server/routes.ts'), 'config..semgrep.vendored-rules.javascript.express.security.audit.xss.direct-response-write') match_id = d5b6572ba4a994be33354fc771ff986d84c39f857ddb63dde87c25abb2461180b6f49aea3419a80261e5ae5bcbbc109d205b44eeb07f38d84b62ac01a6346f17_0
2025-07-06 07:44:50,546 - semgrep.rule_match - DEBUG - match_key = ("app.post(..., function $FUNC(req, res) {\n    ...\n    res.$SET('Content-Type', '$TYPE')\n})\n app.post(..., function $FUNC(req, res) {\n    ...\n    res.set('$TYPE')\n})\n app.post(..., function $FUNC(req, res) {...}) post ^(get|post|put|head|delete|options) function ... (req, res) {...} function ... (req, res, $NEXT) {...} req.body req.params req.query function ... (req, res) {\n    ...\n    res.$SET('Content-Type', '$TYPE')\n}\n function ... (req, res) {\n    ...\n    res.set('$TYPE')\n}\n function ... (req, res, $NEXT) {\n    ...\n    res.$SET('Content-Type', '$TYPE')\n}\n function ... (req, res, $NEXT) {\n    ...\n    res.set('$TYPE')\n}\n req ({ req }: Request,res: Response) => {\n    ...\n    res.$SET('Content-Type', '$TYPE')\n}\n ({ req }: Request,res: Response) => {...}\n ({ req }: Request,res: Response, $NEXT: NextFunction) =>\n{...}\n ({ req }: Request,res: Response, $NEXT: NextFunction) =>\n{\n    ...\n    res.$SET('Content-Type', '$TYPE')\n}\n ({ req }: Request,res: Response, $NEXT: NextFunction) =>\n{\n    ...\n    res.set('$TYPE')\n}\n body params query JSON.stringify({type'match_event'data event}) res. ... .set('...'). ... .send(JSON.stringify({type'match_event'data event})) res. ... .type('...'). ... .send(JSON.stringify({type'match_event'data event})) res.post({ ... }) res.send(JSON.stringify({type'match_event'data event})) res.write(JSON.stringify({type'match_event'data event})) function ... (..., res,...) {...}", PosixPath('server/routes.ts'), 'config..semgrep.vendored-rules.javascript.express.security.audit.xss.direct-response-write') match_id = 9f253486bd1dff4bd9a14b659e88a10d2db121dddc49ee3b2e38d9ab58d68831b8a2988a46d1f62ab519667b5c1d9b5d59027f712b3e000fa9558e4fceadea04_0
2025-07-06 07:44:50,547 - semgrep.rule_match - DEBUG - match_key = ("app.post(..., function $FUNC(req, res) {\n    ...\n    res.$SET('Content-Type', '$TYPE')\n})\n app.post(..., function $FUNC(req, res) {\n    ...\n    res.set('$TYPE')\n})\n app.post(..., function $FUNC(req, res) {...}) post ^(get|post|put|head|delete|options) function ... (req, res) {...} function ... (req, res, $NEXT) {...} req.body req.params req.query function ... (req, res) {\n    ...\n    res.$SET('Content-Type', '$TYPE')\n}\n function ... (req, res) {\n    ...\n    res.set('$TYPE')\n}\n function ... (req, res, $NEXT) {\n    ...\n    res.$SET('Content-Type', '$TYPE')\n}\n function ... (req, res, $NEXT) {\n    ...\n    res.set('$TYPE')\n}\n req ({ req }: Request,res: Response) => {\n    ...\n    res.$SET('Content-Type', '$TYPE')\n}\n ({ req }: Request,res: Response) => {...}\n ({ req }: Request,res: Response, $NEXT: NextFunction) =>\n{...}\n ({ req }: Request,res: Response, $NEXT: NextFunction) =>\n{\n    ...\n    res.$SET('Content-Type', '$TYPE')\n}\n ({ req }: Request,res: Response, $NEXT: NextFunction) =>\n{\n    ...\n    res.set('$TYPE')\n}\n body params query JSON.stringify({type'match_event'data event}) res. ... .set('...'). ... .send(JSON.stringify({type'match_event'data event})) res. ... .type('...'). ... .send(JSON.stringify({type'match_event'data event})) res.post({ ... }) res.send(JSON.stringify({type'match_event'data event})) res.write(JSON.stringify({type'match_event'data event})) function ... (..., res,...) {...}", PosixPath('server/routes.ts'), 'config..semgrep.vendored-rules.javascript.express.security.audit.xss.direct-response-write') match_id = 9f253486bd1dff4bd9a14b659e88a10d2db121dddc49ee3b2e38d9ab58d68831b8a2988a46d1f62ab519667b5c1d9b5d59027f712b3e000fa9558e4fceadea04_0
2025-07-06 07:44:50,548 - semgrep.rule_match - DEBUG - match_key = ("app.post(..., function $FUNC(req, res) {\n    ...\n    res.$SET('Content-Type', '$TYPE')\n})\n app.post(..., function $FUNC(req, res) {\n    ...\n    res.set('$TYPE')\n})\n app.post(..., function $FUNC(req, res) {...}) post ^(get|post|put|head|delete|options) function ... (req, res) {...} function ... (req, res, $NEXT) {...} req.body req.params req.query function ... (req, res) {\n    ...\n    res.$SET('Content-Type', '$TYPE')\n}\n function ... (req, res) {\n    ...\n    res.set('$TYPE')\n}\n function ... (req, res, $NEXT) {\n    ...\n    res.$SET('Content-Type', '$TYPE')\n}\n function ... (req, res, $NEXT) {\n    ...\n    res.set('$TYPE')\n}\n req ({ req }: Request,res: Response) => {\n    ...\n    res.$SET('Content-Type', '$TYPE')\n}\n ({ req }: Request,res: Response) => {...}\n ({ req }: Request,res: Response, $NEXT: NextFunction) =>\n{...}\n ({ req }: Request,res: Response, $NEXT: NextFunction) =>\n{\n    ...\n    res.$SET('Content-Type', '$TYPE')\n}\n ({ req }: Request,res: Response, $NEXT: NextFunction) =>\n{\n    ...\n    res.set('$TYPE')\n}\n body params query JSON.stringify({type'match_event'data event}) res. ... .set('...'). ... .send(JSON.stringify({type'match_event'data event})) res. ... .type('...'). ... .send(JSON.stringify({type'match_event'data event})) res.post({ ... }) res.send(JSON.stringify({type'match_event'data event})) res.write(JSON.stringify({type'match_event'data event})) function ... (..., res,...) {...}", PosixPath('server/routes.ts'), 'config..semgrep.vendored-rules.javascript.express.security.audit.xss.direct-response-write') match_id = 9f253486bd1dff4bd9a14b659e88a10d2db121dddc49ee3b2e38d9ab58d68831b8a2988a46d1f62ab519667b5c1d9b5d59027f712b3e000fa9558e4fceadea04_0
2025-07-06 07:44:50,549 - semgrep.rule_match - DEBUG - match_key = ('', PosixPath('server/taekwondo-scraper.ts'), 'config..semgrep.vendored-rules.javascript.lang.security.audit.unsafe-formatstring') match_id = e691e5bfc8a4c30abfc4024ba7bee86173135290ac9395fc1fdbb72f15701861895bd1eefaf8c0b31f8cb56208051e1bad3c71fd1871a580805eecd0e04bfbd4_0
2025-07-06 07:44:50,549 - semgrep.rule_match - DEBUG - match_key = ('"..." + "..."\n $X + $Y $X.concat($Y) `...${...}...`\n $X.concat("...")\n ``Error retrieving athletes for country countryCode:` $UTIL = require(\'util\')\n...\n $UTIL.format(``Error retrieving athletes for country countryCode:`,error,...)\n console.error(``Error retrieving athletes for country countryCode:`,error,...)\n', PosixPath('server/taekwondo-scraper.ts'), 'config..semgrep.vendored-rules.javascript.lang.security.audit.unsafe-formatstring') match_id = e5f320e0adc6e1559e75448e83d7204e7566c34abfe1c4c0a14a9eb80cdc9d93cc3e29db91f88f3325305877344de855d48b7c5bad72d2462c229dc634f29466_0
2025-07-06 07:44:50,550 - semgrep.rule_match - DEBUG - match_key = ('"..." + "..."\n $X + $Y $X.concat($Y) `...${...}...`\n $X.concat("...")\n ``Error retrieving athletes for country countryCode:` $UTIL = require(\'util\')\n...\n $UTIL.format(``Error retrieving athletes for country countryCode:`,error,...)\n console.error(``Error retrieving athletes for country countryCode:`,error,...)\n', PosixPath('server/taekwondo-scraper.ts'), 'config..semgrep.vendored-rules.javascript.lang.security.audit.unsafe-formatstring') match_id = e5f320e0adc6e1559e75448e83d7204e7566c34abfe1c4c0a14a9eb80cdc9d93cc3e29db91f88f3325305877344de855d48b7c5bad72d2462c229dc634f29466_0
2025-07-06 07:44:50,550 - semgrep.rule_match - DEBUG - match_key = ('"..." + "..."\n $X + $Y $X.concat($Y) `...${...}...`\n $X.concat("...")\n ``Error retrieving athletes for country countryCode:` $UTIL = require(\'util\')\n...\n $UTIL.format(``Error retrieving athletes for country countryCode:`,error,...)\n console.error(``Error retrieving athletes for country countryCode:`,error,...)\n', PosixPath('server/taekwondo-scraper.ts'), 'config..semgrep.vendored-rules.javascript.lang.security.audit.unsafe-formatstring') match_id = e5f320e0adc6e1559e75448e83d7204e7566c34abfe1c4c0a14a9eb80cdc9d93cc3e29db91f88f3325305877344de855d48b7c5bad72d2462c229dc634f29466_0
2025-07-06 07:44:50,551 - semgrep.rule_match - DEBUG - match_key = ('', PosixPath('server/taekwondo-scraper.ts'), 'config..semgrep.vendored-rules.javascript.lang.security.audit.unsafe-formatstring') match_id = e691e5bfc8a4c30abfc4024ba7bee86173135290ac9395fc1fdbb72f15701861895bd1eefaf8c0b31f8cb56208051e1bad3c71fd1871a580805eecd0e04bfbd4_0
2025-07-06 07:44:50,552 - semgrep.rule_match - DEBUG - match_key = ('"..." + "..."\n $X + $Y $X.concat($Y) `...${...}...`\n $X.concat("...")\n ``💥 Failed to fetch profile for athlete.name:` $UTIL = require(\'util\')\n...\n $UTIL.format(``💥 Failed to fetch profile for athlete.name:`,error.message,...)\n console.log(``💥 Failed to fetch profile for athlete.name:`,error.message,...)\n', PosixPath('server/taekwondo-scraper.ts'), 'config..semgrep.vendored-rules.javascript.lang.security.audit.unsafe-formatstring') match_id = 9a07c43d279291ad6f961fcd8ff74bd82c81edb224cfe8b8c869430019bbb54cb49a288a91745fe26c7afc22df01f1b02a3331b231bb1a64b33900f79074edd2_0
2025-07-06 07:44:50,552 - semgrep.rule_match - DEBUG - match_key = ('"..." + "..."\n $X + $Y $X.concat($Y) `...${...}...`\n $X.concat("...")\n ``💥 Failed to fetch profile for athlete.name:` $UTIL = require(\'util\')\n...\n $UTIL.format(``💥 Failed to fetch profile for athlete.name:`,error.message,...)\n console.log(``💥 Failed to fetch profile for athlete.name:`,error.message,...)\n', PosixPath('server/taekwondo-scraper.ts'), 'config..semgrep.vendored-rules.javascript.lang.security.audit.unsafe-formatstring') match_id = 9a07c43d279291ad6f961fcd8ff74bd82c81edb224cfe8b8c869430019bbb54cb49a288a91745fe26c7afc22df01f1b02a3331b231bb1a64b33900f79074edd2_0
2025-07-06 07:44:50,553 - semgrep.rule_match - DEBUG - match_key = ('"..." + "..."\n $X + $Y $X.concat($Y) `...${...}...`\n $X.concat("...")\n ``💥 Failed to fetch profile for athlete.name:` $UTIL = require(\'util\')\n...\n $UTIL.format(``💥 Failed to fetch profile for athlete.name:`,error.message,...)\n console.log(``💥 Failed to fetch profile for athlete.name:`,error.message,...)\n', PosixPath('server/taekwondo-scraper.ts'), 'config..semgrep.vendored-rules.javascript.lang.security.audit.unsafe-formatstring') match_id = 9a07c43d279291ad6f961fcd8ff74bd82c81edb224cfe8b8c869430019bbb54cb49a288a91745fe26c7afc22df01f1b02a3331b231bb1a64b33900f79074edd2_0
2025-07-06 07:44:50,554 - semgrep.rule_match - DEBUG - match_key = ('', PosixPath('server/taekwondo-scraper.ts'), 'config..semgrep.vendored-rules.javascript.lang.security.audit.unsafe-formatstring') match_id = e691e5bfc8a4c30abfc4024ba7bee86173135290ac9395fc1fdbb72f15701861895bd1eefaf8c0b31f8cb56208051e1bad3c71fd1871a580805eecd0e04bfbd4_0
2025-07-06 07:44:50,555 - semgrep.rule_match - DEBUG - match_key = ('"..." + "..."\n $X + $Y $X.concat($Y) `...${...}...`\n $X.concat("...")\n ``⚠ Failed to upload photo for athlete.name to bucket:` $UTIL = require(\'util\')\n...\n $UTIL.format(``⚠ Failed to upload photo for athlete.name to bucket:`,photoError.message,...)\n console.warn(``⚠ Failed to upload photo for athlete.name to bucket:`,photoError.message,...)\n', PosixPath('server/taekwondo-scraper.ts'), 'config..semgrep.vendored-rules.javascript.lang.security.audit.unsafe-formatstring') match_id = 0eb4e01f081a9885dfa8772ba647e7d7a88a71339c1e48a82bf9a54bd9b64da0dbdfc1cffa0a634eae9530e169a5f2bd4106881009d35361ba261f5aef7ce7fa_0
2025-07-06 07:44:50,556 - semgrep.rule_match - DEBUG - match_key = ('"..." + "..."\n $X + $Y $X.concat($Y) `...${...}...`\n $X.concat("...")\n ``⚠ Failed to upload photo for athlete.name to bucket:` $UTIL = require(\'util\')\n...\n $UTIL.format(``⚠ Failed to upload photo for athlete.name to bucket:`,photoError.message,...)\n console.warn(``⚠ Failed to upload photo for athlete.name to bucket:`,photoError.message,...)\n', PosixPath('server/taekwondo-scraper.ts'), 'config..semgrep.vendored-rules.javascript.lang.security.audit.unsafe-formatstring') match_id = 0eb4e01f081a9885dfa8772ba647e7d7a88a71339c1e48a82bf9a54bd9b64da0dbdfc1cffa0a634eae9530e169a5f2bd4106881009d35361ba261f5aef7ce7fa_0
2025-07-06 07:44:50,557 - semgrep.rule_match - DEBUG - match_key = ('"..." + "..."\n $X + $Y $X.concat($Y) `...${...}...`\n $X.concat("...")\n ``⚠ Failed to upload photo for athlete.name to bucket:` $UTIL = require(\'util\')\n...\n $UTIL.format(``⚠ Failed to upload photo for athlete.name to bucket:`,photoError.message,...)\n console.warn(``⚠ Failed to upload photo for athlete.name to bucket:`,photoError.message,...)\n', PosixPath('server/taekwondo-scraper.ts'), 'config..semgrep.vendored-rules.javascript.lang.security.audit.unsafe-formatstring') match_id = 0eb4e01f081a9885dfa8772ba647e7d7a88a71339c1e48a82bf9a54bd9b64da0dbdfc1cffa0a634eae9530e169a5f2bd4106881009d35361ba261f5aef7ce7fa_0
2025-07-06 07:44:50,558 - semgrep.rule_match - DEBUG - match_key = ('', PosixPath('server/taekwondo-scraper.ts'), 'config..semgrep.vendored-rules.javascript.lang.security.audit.unsafe-formatstring') match_id = e691e5bfc8a4c30abfc4024ba7bee86173135290ac9395fc1fdbb72f15701861895bd1eefaf8c0b31f8cb56208051e1bad3c71fd1871a580805eecd0e04bfbd4_0
2025-07-06 07:44:50,559 - semgrep.rule_match - DEBUG - match_key = ('"..." + "..."\n $X + $Y $X.concat($Y) `...${...}...`\n $X.concat("...")\n ``✗ Failed to save athlete.name:` $UTIL = require(\'util\')\n...\n $UTIL.format(``✗ Failed to save athlete.name:`,error,...)\n console.error(``✗ Failed to save athlete.name:`,error,...)\n', PosixPath('server/taekwondo-scraper.ts'), 'config..semgrep.vendored-rules.javascript.lang.security.audit.unsafe-formatstring') match_id = 93e7c8593dc33ed4d737f1163df966fbcfcef5efd12e2f760d8bfe04ff19bacc41715a1e62d7f8ec9f6da524255e7a53420a3c6d66e75fa48b09f6335d2e081e_0
2025-07-06 07:44:50,559 - semgrep.rule_match - DEBUG - match_key = ('"..." + "..."\n $X + $Y $X.concat($Y) `...${...}...`\n $X.concat("...")\n ``✗ Failed to save athlete.name:` $UTIL = require(\'util\')\n...\n $UTIL.format(``✗ Failed to save athlete.name:`,error,...)\n console.error(``✗ Failed to save athlete.name:`,error,...)\n', PosixPath('server/taekwondo-scraper.ts'), 'config..semgrep.vendored-rules.javascript.lang.security.audit.unsafe-formatstring') match_id = 93e7c8593dc33ed4d737f1163df966fbcfcef5efd12e2f760d8bfe04ff19bacc41715a1e62d7f8ec9f6da524255e7a53420a3c6d66e75fa48b09f6335d2e081e_0
2025-07-06 07:44:50,560 - semgrep.rule_match - DEBUG - match_key = ('"..." + "..."\n $X + $Y $X.concat($Y) `...${...}...`\n $X.concat("...")\n ``✗ Failed to save athlete.name:` $UTIL = require(\'util\')\n...\n $UTIL.format(``✗ Failed to save athlete.name:`,error,...)\n console.error(``✗ Failed to save athlete.name:`,error,...)\n', PosixPath('server/taekwondo-scraper.ts'), 'config..semgrep.vendored-rules.javascript.lang.security.audit.unsafe-formatstring') match_id = 93e7c8593dc33ed4d737f1163df966fbcfcef5efd12e2f760d8bfe04ff19bacc41715a1e62d7f8ec9f6da524255e7a53420a3c6d66e75fa48b09f6335d2e081e_0
2025-07-06 07:44:50,562 - semgrep.core_runner - DEBUG - semgrep ran in 0:00:09.026200 on 172 files
2025-07-06 07:44:50,563 - semgrep.core_runner - DEBUG - findings summary: 2 warning, 0 error, 8 info
2025-07-06 07:44:50,565 - semgrep.app.auth - DEBUG - Getting API token from settings file
2025-07-06 07:44:50,566 - semgrep.app.auth - DEBUG - No API token found in settings file
2025-07-06 07:44:50,667 - semgrep.output - VERBOSE - 
========================================
Files skipped:
========================================

  Always skipped by Opengrep:

   • <none>

  Skipped by .gitignore:
  (Disable by passing --no-git-ignore)

   • <all files not listed by `git ls-files` were skipped>

  Skipped by .semgrepignore:
  - https://semgrep.dev/docs/ignoring-files-folders-code/#understand-semgrep-defaults

   • <none>

  Skipped by --include patterns:

   • <none>

  Skipped by --exclude patterns:

   • <none>

  Files skipped due to insufficient read permissions:

   • <none>

  Skipped by limiting to files smaller than 1000000 bytes:
  (Adjust with the --max-target-bytes flag)

   • attached_assets/image_1750801001285.png

  Partially analyzed due to parsing or internal Opengrep errors

   • tailwind.config.ts (1 lines skipped)

2025-07-06 07:44:50,668 - semgrep.output - INFO - Some files were skipped or only partially analyzed.
  Scan was limited to files tracked by git.
  Partially scanned: 1 files only partially analyzed due to parsing or internal Opengrep errors
  Scan skipped: 1 files larger than 1.0 MB
  For a full list of skipped files, run opengrep with the --verbose flag.

Ran 438 rules on 172 files: 10 findings.
2025-07-06 07:44:50,669 - semgrep.app.version - DEBUG - Version cache does not exist
2025-07-06 07:44:50,681 - semgrep.metrics - VERBOSE - Not sending pseudonymous metrics since metrics are configured to OFF and registry usage is False
